2023/05/23 08:19:09 [notice] 1#1: using the "epoll" event method
2023/05/23 08:19:09 [notice] 1#1: nginx/1.23.4
2023/05/23 08:19:09 [notice] 1#1: built by gcc 12.2.1 20220924 (Alpine 12.2.1_git20220924-r4) 
2023/05/23 08:19:09 [notice] 1#1: OS: Linux 6.3.2-arch1-1
2023/05/23 08:19:09 [notice] 1#1: getrlimit(RLIMIT_NOFILE): 1073741816:1073741816
2023/05/23 08:19:09 [notice] 1#1: start worker processes
2023/05/23 08:19:09 [notice] 1#1: start worker process 29
2023/05/23 08:19:09 [notice] 1#1: start worker process 30
2023/05/23 08:19:09 [notice] 1#1: start worker process 31
2023/05/23 08:19:09 [notice] 1#1: start worker process 32
2023/05/23 08:19:09 [notice] 1#1: start worker process 33
2023/05/23 08:19:09 [notice] 1#1: start worker process 34
2023/05/23 08:19:09 [notice] 1#1: start worker process 35
2023/05/23 08:19:09 [notice] 1#1: start worker process 36
2023/05/23 08:19:13 [error] 29#29: *1 directory index of "/var/www/html/" is forbidden, client: 172.21.0.1, server: , request: "GET / HTTP/1.1", host: "127.0.0.1:8080"
2023/05/23 08:19:13 [error] 29#29: *1 directory index of "/var/www/html/" is forbidden, client: 172.21.0.1, server: , request: "GET / HTTP/1.1", host: "127.0.0.1:8080"
2023/05/23 08:21:40 [notice] 1#1: signal 3 (SIGQUIT) received, shutting down
2023/05/23 08:21:40 [notice] 29#29: gracefully shutting down
2023/05/23 08:21:40 [notice] 30#30: gracefully shutting down
2023/05/23 08:21:40 [notice] 29#29: exiting
2023/05/23 08:21:40 [notice] 36#36: gracefully shutting down
2023/05/23 08:21:40 [notice] 31#31: gracefully shutting down
2023/05/23 08:21:40 [notice] 34#34: gracefully shutting down
2023/05/23 08:21:40 [notice] 30#30: exiting
2023/05/23 08:21:40 [notice] 35#35: gracefully shutting down
2023/05/23 08:21:40 [notice] 36#36: exiting
2023/05/23 08:21:40 [notice] 31#31: exiting
2023/05/23 08:21:40 [notice] 34#34: exiting
2023/05/23 08:21:40 [notice] 35#35: exiting
2023/05/23 08:21:40 [notice] 36#36: exit
2023/05/23 08:21:40 [notice] 29#29: exit
2023/05/23 08:21:40 [notice] 30#30: exit
2023/05/23 08:21:40 [notice] 35#35: exit
2023/05/23 08:21:40 [notice] 31#31: exit
2023/05/23 08:21:40 [notice] 34#34: exit
2023/05/23 08:21:40 [notice] 33#33: gracefully shutting down
2023/05/23 08:21:40 [notice] 33#33: exiting
2023/05/23 08:21:40 [notice] 33#33: exit
2023/05/23 08:21:40 [notice] 32#32: gracefully shutting down
2023/05/23 08:21:40 [notice] 32#32: exiting
2023/05/23 08:21:40 [notice] 32#32: exit
2023/05/23 08:21:40 [notice] 1#1: signal 17 (SIGCHLD) received from 30
2023/05/23 08:21:40 [notice] 1#1: worker process 30 exited with code 0
2023/05/23 08:21:40 [notice] 1#1: signal 29 (SIGIO) received
2023/05/23 08:21:40 [notice] 1#1: signal 17 (SIGCHLD) received from 33
2023/05/23 08:21:40 [notice] 1#1: worker process 33 exited with code 0
2023/05/23 08:21:40 [notice] 1#1: worker process 34 exited with code 0
2023/05/23 08:21:40 [notice] 1#1: worker process 35 exited with code 0
2023/05/23 08:21:40 [notice] 1#1: signal 29 (SIGIO) received
2023/05/23 08:21:40 [notice] 1#1: signal 17 (SIGCHLD) received from 35
2023/05/23 08:21:40 [notice] 1#1: signal 17 (SIGCHLD) received from 32
2023/05/23 08:21:40 [notice] 1#1: worker process 29 exited with code 0
2023/05/23 08:21:40 [notice] 1#1: worker process 32 exited with code 0
2023/05/23 08:21:40 [notice] 1#1: signal 29 (SIGIO) received
2023/05/23 08:21:40 [notice] 1#1: signal 17 (SIGCHLD) received from 36
2023/05/23 08:21:40 [notice] 1#1: worker process 36 exited with code 0
2023/05/23 08:21:40 [notice] 1#1: signal 17 (SIGCHLD) received from 31
2023/05/23 08:21:40 [notice] 1#1: worker process 31 exited with code 0
2023/05/23 08:21:40 [notice] 1#1: exit
2023/05/23 08:22:23 [notice] 1#1: using the "epoll" event method
2023/05/23 08:22:23 [notice] 1#1: nginx/1.23.4
2023/05/23 08:22:23 [notice] 1#1: built by gcc 12.2.1 20220924 (Alpine 12.2.1_git20220924-r4) 
2023/05/23 08:22:23 [notice] 1#1: OS: Linux 6.3.2-arch1-1
2023/05/23 08:22:23 [notice] 1#1: getrlimit(RLIMIT_NOFILE): 1073741816:1073741816
2023/05/23 08:22:23 [notice] 1#1: start worker processes
2023/05/23 08:22:23 [notice] 1#1: start worker process 29
2023/05/23 08:22:23 [notice] 1#1: start worker process 30
2023/05/23 08:22:23 [notice] 1#1: start worker process 31
2023/05/23 08:22:23 [notice] 1#1: start worker process 32
2023/05/23 08:22:23 [notice] 1#1: start worker process 33
2023/05/23 08:22:23 [notice] 1#1: start worker process 34
2023/05/23 08:22:23 [notice] 1#1: start worker process 35
2023/05/23 08:22:23 [notice] 1#1: start worker process 36
2023/05/23 08:23:44 [notice] 1#1: signal 3 (SIGQUIT) received, shutting down
2023/05/23 08:23:44 [notice] 29#29: gracefully shutting down
2023/05/23 08:23:44 [notice] 31#31: gracefully shutting down
2023/05/23 08:23:44 [notice] 36#36: gracefully shutting down
2023/05/23 08:23:44 [notice] 31#31: exiting
2023/05/23 08:23:44 [notice] 36#36: exiting
2023/05/23 08:23:44 [notice] 29#29: exiting
2023/05/23 08:23:44 [notice] 31#31: exit
2023/05/23 08:23:44 [notice] 36#36: exit
2023/05/23 08:23:44 [notice] 29#29: exit
2023/05/23 08:23:44 [notice] 30#30: gracefully shutting down
2023/05/23 08:23:44 [notice] 30#30: exiting
2023/05/23 08:23:44 [notice] 32#32: gracefully shutting down
2023/05/23 08:23:44 [notice] 32#32: exiting
2023/05/23 08:23:44 [notice] 33#33: gracefully shutting down
2023/05/23 08:23:44 [notice] 33#33: exiting
2023/05/23 08:23:44 [notice] 32#32: exit
2023/05/23 08:23:44 [notice] 33#33: exit
2023/05/23 08:23:44 [notice] 34#34: gracefully shutting down
2023/05/23 08:23:44 [notice] 30#30: exit
2023/05/23 08:23:44 [notice] 34#34: exiting
2023/05/23 08:23:44 [notice] 35#35: gracefully shutting down
2023/05/23 08:23:44 [notice] 35#35: exiting
2023/05/23 08:23:44 [notice] 34#34: exit
2023/05/23 08:23:44 [notice] 35#35: exit
2023/05/23 08:23:44 [notice] 1#1: signal 17 (SIGCHLD) received from 29
2023/05/23 08:23:44 [notice] 1#1: worker process 29 exited with code 0
2023/05/23 08:23:44 [notice] 1#1: worker process 34 exited with code 0
2023/05/23 08:23:44 [notice] 1#1: worker process 36 exited with code 0
2023/05/23 08:23:44 [notice] 1#1: signal 29 (SIGIO) received
2023/05/23 08:23:44 [notice] 1#1: signal 17 (SIGCHLD) received from 34
2023/05/23 08:23:44 [notice] 1#1: signal 17 (SIGCHLD) received from 31
2023/05/23 08:23:44 [notice] 1#1: worker process 31 exited with code 0
2023/05/23 08:23:44 [notice] 1#1: signal 29 (SIGIO) received
2023/05/23 08:23:44 [notice] 1#1: signal 17 (SIGCHLD) received from 30
2023/05/23 08:23:44 [notice] 1#1: worker process 30 exited with code 0
2023/05/23 08:23:44 [notice] 1#1: worker process 33 exited with code 0
2023/05/23 08:23:44 [notice] 1#1: worker process 35 exited with code 0
2023/05/23 08:23:44 [notice] 1#1: signal 29 (SIGIO) received
2023/05/23 08:23:44 [notice] 1#1: signal 17 (SIGCHLD) received from 32
2023/05/23 08:23:44 [notice] 1#1: worker process 32 exited with code 0
2023/05/23 08:23:44 [notice] 1#1: exit
2023/05/23 08:23:46 [notice] 1#1: using the "epoll" event method
2023/05/23 08:23:46 [notice] 1#1: nginx/1.23.4
2023/05/23 08:23:46 [notice] 1#1: built by gcc 12.2.1 20220924 (Alpine 12.2.1_git20220924-r4) 
2023/05/23 08:23:46 [notice] 1#1: OS: Linux 6.3.2-arch1-1
2023/05/23 08:23:46 [notice] 1#1: getrlimit(RLIMIT_NOFILE): 1073741816:1073741816
2023/05/23 08:23:46 [notice] 1#1: start worker processes
2023/05/23 08:23:46 [notice] 1#1: start worker process 29
2023/05/23 08:23:46 [notice] 1#1: start worker process 30
2023/05/23 08:23:46 [notice] 1#1: start worker process 31
2023/05/23 08:23:46 [notice] 1#1: start worker process 32
2023/05/23 08:23:46 [notice] 1#1: start worker process 33
2023/05/23 08:23:46 [notice] 1#1: start worker process 34
2023/05/23 08:23:46 [notice] 1#1: start worker process 35
2023/05/23 08:23:46 [notice] 1#1: start worker process 36
2023/05/23 08:25:25 [notice] 1#1: signal 3 (SIGQUIT) received, shutting down
2023/05/23 08:25:25 [notice] 30#30: gracefully shutting down
2023/05/23 08:25:25 [notice] 29#29: gracefully shutting down
2023/05/23 08:25:25 [notice] 31#31: gracefully shutting down
2023/05/23 08:25:25 [notice] 29#29: exiting
2023/05/23 08:25:25 [notice] 31#31: exiting
2023/05/23 08:25:25 [notice] 33#33: gracefully shutting down
2023/05/23 08:25:25 [notice] 35#35: gracefully shutting down
2023/05/23 08:25:25 [notice] 33#33: exiting
2023/05/23 08:25:25 [notice] 35#35: exiting
2023/05/23 08:25:25 [notice] 30#30: exiting
2023/05/23 08:25:25 [notice] 32#32: gracefully shutting down
2023/05/23 08:25:25 [notice] 32#32: exiting
2023/05/23 08:25:25 [notice] 29#29: exit
2023/05/23 08:25:25 [notice] 31#31: exit
2023/05/23 08:25:25 [notice] 35#35: exit
2023/05/23 08:25:25 [notice] 33#33: exit
2023/05/23 08:25:25 [notice] 30#30: exit
2023/05/23 08:25:25 [notice] 32#32: exit
2023/05/23 08:25:25 [notice] 34#34: gracefully shutting down
2023/05/23 08:25:25 [notice] 34#34: exiting
2023/05/23 08:25:25 [notice] 34#34: exit
2023/05/23 08:25:25 [notice] 36#36: gracefully shutting down
2023/05/23 08:25:25 [notice] 36#36: exiting
2023/05/23 08:25:25 [notice] 36#36: exit
2023/05/23 08:25:25 [notice] 1#1: signal 17 (SIGCHLD) received from 29
2023/05/23 08:25:25 [notice] 1#1: worker process 29 exited with code 0
2023/05/23 08:25:25 [notice] 1#1: worker process 31 exited with code 0
2023/05/23 08:25:25 [notice] 1#1: worker process 33 exited with code 0
2023/05/23 08:25:25 [notice] 1#1: worker process 36 exited with code 0
2023/05/23 08:25:25 [notice] 1#1: signal 29 (SIGIO) received
2023/05/23 08:25:25 [notice] 1#1: signal 17 (SIGCHLD) received from 31
2023/05/23 08:25:25 [notice] 1#1: signal 17 (SIGCHLD) received from 32
2023/05/23 08:25:25 [notice] 1#1: worker process 32 exited with code 0
2023/05/23 08:25:25 [notice] 1#1: signal 29 (SIGIO) received
2023/05/23 08:25:25 [notice] 1#1: signal 17 (SIGCHLD) received from 34
2023/05/23 08:25:25 [notice] 1#1: worker process 30 exited with code 0
2023/05/23 08:25:25 [notice] 1#1: worker process 34 exited with code 0
2023/05/23 08:25:25 [notice] 1#1: worker process 35 exited with code 0
2023/05/23 08:25:25 [notice] 1#1: exit
2023/05/23 08:25:28 [notice] 1#1: using the "epoll" event method
2023/05/23 08:25:28 [notice] 1#1: nginx/1.23.4
2023/05/23 08:25:28 [notice] 1#1: built by gcc 12.2.1 20220924 (Alpine 12.2.1_git20220924-r4) 
2023/05/23 08:25:28 [notice] 1#1: OS: Linux 6.3.2-arch1-1
2023/05/23 08:25:28 [notice] 1#1: getrlimit(RLIMIT_NOFILE): 1073741816:1073741816
2023/05/23 08:25:28 [notice] 1#1: start worker processes
2023/05/23 08:25:28 [notice] 1#1: start worker process 29
2023/05/23 08:25:28 [notice] 1#1: start worker process 30
2023/05/23 08:25:28 [notice] 1#1: start worker process 31
2023/05/23 08:25:28 [notice] 1#1: start worker process 32
2023/05/23 08:25:28 [notice] 1#1: start worker process 33
2023/05/23 08:25:28 [notice] 1#1: start worker process 34
2023/05/23 08:25:28 [notice] 1#1: start worker process 35
2023/05/23 08:25:28 [notice] 1#1: start worker process 36
2023/05/23 08:25:42 [notice] 1#1: signal 3 (SIGQUIT) received, shutting down
2023/05/23 08:25:42 [notice] 29#29: gracefully shutting down
2023/05/23 08:25:42 [notice] 31#31: gracefully shutting down
2023/05/23 08:25:42 [notice] 33#33: gracefully shutting down
2023/05/23 08:25:42 [notice] 31#31: exiting
2023/05/23 08:25:42 [notice] 33#33: exiting
2023/05/23 08:25:42 [notice] 29#29: exiting
2023/05/23 08:25:42 [notice] 31#31: exit
2023/05/23 08:25:42 [notice] 33#33: exit
2023/05/23 08:25:42 [notice] 30#30: gracefully shutting down
2023/05/23 08:25:42 [notice] 30#30: exiting
2023/05/23 08:25:42 [notice] 29#29: exit
2023/05/23 08:25:42 [notice] 30#30: exit
2023/05/23 08:25:42 [notice] 32#32: gracefully shutting down
2023/05/23 08:25:42 [notice] 32#32: exiting
2023/05/23 08:25:42 [notice] 34#34: gracefully shutting down
2023/05/23 08:25:42 [notice] 35#35: gracefully shutting down
2023/05/23 08:25:42 [notice] 32#32: exit
2023/05/23 08:25:42 [notice] 34#34: exiting
2023/05/23 08:25:42 [notice] 35#35: exiting
2023/05/23 08:25:42 [notice] 36#36: gracefully shutting down
2023/05/23 08:25:42 [notice] 36#36: exiting
2023/05/23 08:25:42 [notice] 35#35: exit
2023/05/23 08:25:42 [notice] 34#34: exit
2023/05/23 08:25:42 [notice] 36#36: exit
2023/05/23 08:25:42 [notice] 1#1: signal 17 (SIGCHLD) received from 36
2023/05/23 08:25:42 [notice] 1#1: worker process 30 exited with code 0
2023/05/23 08:25:42 [notice] 1#1: worker process 33 exited with code 0
2023/05/23 08:25:42 [notice] 1#1: worker process 35 exited with code 0
2023/05/23 08:25:42 [notice] 1#1: worker process 36 exited with code 0
2023/05/23 08:25:42 [notice] 1#1: signal 29 (SIGIO) received
2023/05/23 08:25:42 [notice] 1#1: signal 17 (SIGCHLD) received from 35
2023/05/23 08:25:42 [notice] 1#1: signal 17 (SIGCHLD) received from 31
2023/05/23 08:25:42 [notice] 1#1: worker process 31 exited with code 0
2023/05/23 08:25:42 [notice] 1#1: signal 29 (SIGIO) received
2023/05/23 08:25:42 [notice] 1#1: signal 17 (SIGCHLD) received from 34
2023/05/23 08:25:42 [notice] 1#1: worker process 34 exited with code 0
2023/05/23 08:25:42 [notice] 1#1: signal 29 (SIGIO) received
2023/05/23 08:25:42 [notice] 1#1: signal 17 (SIGCHLD) received from 32
2023/05/23 08:25:42 [notice] 1#1: worker process 32 exited with code 0
2023/05/23 08:25:42 [notice] 1#1: signal 29 (SIGIO) received
2023/05/23 08:25:42 [notice] 1#1: signal 17 (SIGCHLD) received from 29
2023/05/23 08:25:42 [notice] 1#1: worker process 29 exited with code 0
2023/05/23 08:25:42 [notice] 1#1: exit
2023/05/23 08:29:29 [notice] 1#1: using the "epoll" event method
2023/05/23 08:29:29 [notice] 1#1: nginx/1.23.4
2023/05/23 08:29:29 [notice] 1#1: built by gcc 12.2.1 20220924 (Alpine 12.2.1_git20220924-r4) 
2023/05/23 08:29:29 [notice] 1#1: OS: Linux 6.3.2-arch1-1
2023/05/23 08:29:29 [notice] 1#1: getrlimit(RLIMIT_NOFILE): 1073741816:1073741816
2023/05/23 08:29:29 [notice] 1#1: start worker processes
2023/05/23 08:29:29 [notice] 1#1: start worker process 28
2023/05/23 08:29:29 [notice] 1#1: start worker process 29
2023/05/23 08:29:29 [notice] 1#1: start worker process 30
2023/05/23 08:29:29 [notice] 1#1: start worker process 31
2023/05/23 08:29:29 [notice] 1#1: start worker process 32
2023/05/23 08:29:29 [notice] 1#1: start worker process 33
2023/05/23 08:29:29 [notice] 1#1: start worker process 34
2023/05/23 08:29:29 [notice] 1#1: start worker process 35
2023/05/23 08:29:56 [notice] 1#1: signal 3 (SIGQUIT) received, shutting down
2023/05/23 08:29:56 [notice] 28#28: gracefully shutting down
2023/05/23 08:29:56 [notice] 29#29: gracefully shutting down
2023/05/23 08:29:56 [notice] 32#32: gracefully shutting down
2023/05/23 08:29:56 [notice] 30#30: gracefully shutting down
2023/05/23 08:29:56 [notice] 29#29: exiting
2023/05/23 08:29:56 [notice] 28#28: exiting
2023/05/23 08:29:56 [notice] 32#32: exiting
2023/05/23 08:29:56 [notice] 30#30: exiting
2023/05/23 08:29:56 [notice] 30#30: exit
2023/05/23 08:29:56 [notice] 29#29: exit
2023/05/23 08:29:56 [notice] 28#28: exit
2023/05/23 08:29:56 [notice] 32#32: exit
2023/05/23 08:29:56 [notice] 34#34: gracefully shutting down
2023/05/23 08:29:56 [notice] 33#33: gracefully shutting down
2023/05/23 08:29:56 [notice] 33#33: exiting
2023/05/23 08:29:56 [notice] 34#34: exiting
2023/05/23 08:29:56 [notice] 33#33: exit
2023/05/23 08:29:56 [notice] 34#34: exit
2023/05/23 08:29:56 [notice] 31#31: gracefully shutting down
2023/05/23 08:29:56 [notice] 31#31: exiting
2023/05/23 08:29:56 [notice] 35#35: gracefully shutting down
2023/05/23 08:29:56 [notice] 31#31: exit
2023/05/23 08:29:56 [notice] 35#35: exiting
2023/05/23 08:29:56 [notice] 35#35: exit
2023/05/23 08:29:56 [notice] 1#1: signal 17 (SIGCHLD) received from 33
2023/05/23 08:29:56 [notice] 1#1: worker process 33 exited with code 0
2023/05/23 08:29:56 [notice] 1#1: worker process 34 exited with code 0
2023/05/23 08:29:56 [notice] 1#1: worker process 35 exited with code 0
2023/05/23 08:29:56 [notice] 1#1: signal 29 (SIGIO) received
2023/05/23 08:29:56 [notice] 1#1: signal 17 (SIGCHLD) received from 31
2023/05/23 08:29:56 [notice] 1#1: worker process 31 exited with code 0
2023/05/23 08:29:56 [notice] 1#1: signal 29 (SIGIO) received
2023/05/23 08:29:56 [notice] 1#1: signal 17 (SIGCHLD) received from 29
2023/05/23 08:29:56 [notice] 1#1: worker process 29 exited with code 0
2023/05/23 08:29:56 [notice] 1#1: worker process 32 exited with code 0
2023/05/23 08:29:56 [notice] 1#1: signal 29 (SIGIO) received
2023/05/23 08:29:56 [notice] 1#1: signal 17 (SIGCHLD) received from 32
2023/05/23 08:29:56 [notice] 1#1: signal 17 (SIGCHLD) received from 30
2023/05/23 08:29:56 [notice] 1#1: worker process 30 exited with code 0
2023/05/23 08:29:56 [notice] 1#1: signal 29 (SIGIO) received
2023/05/23 08:29:56 [notice] 1#1: signal 17 (SIGCHLD) received from 28
2023/05/23 08:29:56 [notice] 1#1: worker process 28 exited with code 0
2023/05/23 08:29:56 [notice] 1#1: exit
2023/05/23 08:30:05 [notice] 1#1: using the "epoll" event method
2023/05/23 08:30:05 [notice] 1#1: nginx/1.23.4
2023/05/23 08:30:05 [notice] 1#1: built by gcc 12.2.1 20220924 (Alpine 12.2.1_git20220924-r4) 
2023/05/23 08:30:05 [notice] 1#1: OS: Linux 6.3.2-arch1-1
2023/05/23 08:30:05 [notice] 1#1: getrlimit(RLIMIT_NOFILE): 1073741816:1073741816
2023/05/23 08:30:05 [notice] 1#1: start worker processes
2023/05/23 08:30:05 [notice] 1#1: start worker process 29
2023/05/23 08:30:05 [notice] 1#1: start worker process 30
2023/05/23 08:30:05 [notice] 1#1: start worker process 31
2023/05/23 08:30:05 [notice] 1#1: start worker process 32
2023/05/23 08:30:05 [notice] 1#1: start worker process 33
2023/05/23 08:30:05 [notice] 1#1: start worker process 34
2023/05/23 08:30:05 [notice] 1#1: start worker process 35
2023/05/23 08:30:05 [notice] 1#1: start worker process 36
2023/05/23 08:30:18 [notice] 1#1: signal 3 (SIGQUIT) received, shutting down
2023/05/23 08:30:18 [notice] 29#29: gracefully shutting down
2023/05/23 08:30:18 [notice] 32#32: gracefully shutting down
2023/05/23 08:30:18 [notice] 31#31: gracefully shutting down
2023/05/23 08:30:18 [notice] 30#30: gracefully shutting down
2023/05/23 08:30:18 [notice] 32#32: exiting
2023/05/23 08:30:18 [notice] 31#31: exiting
2023/05/23 08:30:18 [notice] 30#30: exiting
2023/05/23 08:30:18 [notice] 29#29: exiting
2023/05/23 08:30:18 [notice] 30#30: exit
2023/05/23 08:30:18 [notice] 31#31: exit
2023/05/23 08:30:18 [notice] 32#32: exit
2023/05/23 08:30:18 [notice] 29#29: exit
2023/05/23 08:30:18 [notice] 34#34: gracefully shutting down
2023/05/23 08:30:18 [notice] 34#34: exiting
2023/05/23 08:30:18 [notice] 34#34: exit
2023/05/23 08:30:18 [notice] 33#33: gracefully shutting down
2023/05/23 08:30:18 [notice] 33#33: exiting
2023/05/23 08:30:18 [notice] 33#33: exit
2023/05/23 08:30:18 [notice] 36#36: gracefully shutting down
2023/05/23 08:30:18 [notice] 35#35: gracefully shutting down
2023/05/23 08:30:18 [notice] 36#36: exiting
2023/05/23 08:30:18 [notice] 35#35: exiting
2023/05/23 08:30:18 [notice] 36#36: exit
2023/05/23 08:30:18 [notice] 35#35: exit
2023/05/23 08:30:18 [notice] 1#1: signal 17 (SIGCHLD) received from 36
2023/05/23 08:30:18 [notice] 1#1: worker process 29 exited with code 0
2023/05/23 08:30:18 [notice] 1#1: worker process 32 exited with code 0
2023/05/23 08:30:18 [notice] 1#1: worker process 33 exited with code 0
2023/05/23 08:30:18 [notice] 1#1: worker process 35 exited with code 0
2023/05/23 08:30:18 [notice] 1#1: worker process 36 exited with code 0
2023/05/23 08:30:18 [notice] 1#1: signal 29 (SIGIO) received
2023/05/23 08:30:18 [notice] 1#1: signal 17 (SIGCHLD) received from 32
2023/05/23 08:30:18 [notice] 1#1: signal 17 (SIGCHLD) received from 31
2023/05/23 08:30:18 [notice] 1#1: worker process 31 exited with code 0
2023/05/23 08:30:18 [notice] 1#1: worker process 34 exited with code 0
2023/05/23 08:30:18 [notice] 1#1: worker process 30 exited with code 0
2023/05/23 08:30:18 [notice] 1#1: exit
2023/05/23 08:30:29 [notice] 1#1: using the "epoll" event method
2023/05/23 08:30:29 [notice] 1#1: nginx/1.23.4
2023/05/23 08:30:29 [notice] 1#1: built by gcc 12.2.1 20220924 (Alpine 12.2.1_git20220924-r4) 
2023/05/23 08:30:29 [notice] 1#1: OS: Linux 6.3.2-arch1-1
2023/05/23 08:30:29 [notice] 1#1: getrlimit(RLIMIT_NOFILE): 1073741816:1073741816
2023/05/23 08:30:29 [notice] 1#1: start worker processes
2023/05/23 08:30:29 [notice] 1#1: start worker process 29
2023/05/23 08:30:29 [notice] 1#1: start worker process 30
2023/05/23 08:30:29 [notice] 1#1: start worker process 31
2023/05/23 08:30:29 [notice] 1#1: start worker process 32
2023/05/23 08:30:29 [notice] 1#1: start worker process 33
2023/05/23 08:30:29 [notice] 1#1: start worker process 34
2023/05/23 08:30:29 [notice] 1#1: start worker process 35
2023/05/23 08:30:29 [notice] 1#1: start worker process 36
2023/05/23 08:30:34 [notice] 1#1: signal 3 (SIGQUIT) received, shutting down
2023/05/23 08:30:34 [notice] 29#29: gracefully shutting down
2023/05/23 08:30:34 [notice] 31#31: gracefully shutting down
2023/05/23 08:30:34 [notice] 36#36: gracefully shutting down
2023/05/23 08:30:34 [notice] 30#30: gracefully shutting down
2023/05/23 08:30:34 [notice] 29#29: exiting
2023/05/23 08:30:34 [notice] 34#34: gracefully shutting down
2023/05/23 08:30:34 [notice] 31#31: exiting
2023/05/23 08:30:34 [notice] 33#33: gracefully shutting down
2023/05/23 08:30:34 [notice] 32#32: gracefully shutting down
2023/05/23 08:30:34 [notice] 36#36: exiting
2023/05/23 08:30:34 [notice] 30#30: exiting
2023/05/23 08:30:34 [notice] 34#34: exiting
2023/05/23 08:30:34 [notice] 33#33: exiting
2023/05/23 08:30:34 [notice] 32#32: exiting
2023/05/23 08:30:34 [notice] 31#31: exit
2023/05/23 08:30:34 [notice] 29#29: exit
2023/05/23 08:30:34 [notice] 33#33: exit
2023/05/23 08:30:34 [notice] 36#36: exit
2023/05/23 08:30:34 [notice] 30#30: exit
2023/05/23 08:30:34 [notice] 34#34: exit
2023/05/23 08:30:34 [notice] 32#32: exit
2023/05/23 08:30:34 [notice] 35#35: gracefully shutting down
2023/05/23 08:30:34 [notice] 35#35: exiting
2023/05/23 08:30:34 [notice] 35#35: exit
2023/05/23 08:30:34 [notice] 1#1: signal 17 (SIGCHLD) received from 33
2023/05/23 08:30:34 [notice] 1#1: worker process 33 exited with code 0
2023/05/23 08:30:34 [notice] 1#1: signal 29 (SIGIO) received
2023/05/23 08:30:34 [notice] 1#1: signal 17 (SIGCHLD) received from 31
2023/05/23 08:30:34 [notice] 1#1: worker process 31 exited with code 0
2023/05/23 08:30:34 [notice] 1#1: worker process 29 exited with code 0
2023/05/23 08:30:34 [notice] 1#1: worker process 30 exited with code 0
2023/05/23 08:30:34 [notice] 1#1: worker process 34 exited with code 0
2023/05/23 08:30:34 [notice] 1#1: worker process 35 exited with code 0
2023/05/23 08:30:34 [notice] 1#1: signal 29 (SIGIO) received
2023/05/23 08:30:34 [notice] 1#1: signal 17 (SIGCHLD) received from 35
2023/05/23 08:30:34 [notice] 1#1: signal 17 (SIGCHLD) received from 36
2023/05/23 08:30:34 [notice] 1#1: worker process 36 exited with code 0
2023/05/23 08:30:34 [notice] 1#1: signal 17 (SIGCHLD) received from 32
2023/05/23 08:30:34 [notice] 1#1: worker process 32 exited with code 0
2023/05/23 08:30:34 [notice] 1#1: exit
2023/05/23 08:31:41 [notice] 1#1: using the "epoll" event method
2023/05/23 08:31:41 [notice] 1#1: nginx/1.23.4
2023/05/23 08:31:41 [notice] 1#1: built by gcc 12.2.1 20220924 (Alpine 12.2.1_git20220924-r4) 
2023/05/23 08:31:41 [notice] 1#1: OS: Linux 6.3.2-arch1-1
2023/05/23 08:31:41 [notice] 1#1: getrlimit(RLIMIT_NOFILE): 1073741816:1073741816
2023/05/23 08:31:41 [notice] 1#1: start worker processes
2023/05/23 08:31:41 [notice] 1#1: start worker process 29
2023/05/23 08:31:41 [notice] 1#1: start worker process 30
2023/05/23 08:31:41 [notice] 1#1: start worker process 31
2023/05/23 08:31:41 [notice] 1#1: start worker process 32
2023/05/23 08:31:41 [notice] 1#1: start worker process 33
2023/05/23 08:31:41 [notice] 1#1: start worker process 34
2023/05/23 08:31:41 [notice] 1#1: start worker process 35
2023/05/23 08:31:41 [notice] 1#1: start worker process 36
2023/05/23 08:31:48 [notice] 1#1: signal 3 (SIGQUIT) received, shutting down
2023/05/23 08:31:48 [notice] 29#29: gracefully shutting down
2023/05/23 08:31:48 [notice] 30#30: gracefully shutting down
2023/05/23 08:31:48 [notice] 32#32: gracefully shutting down
2023/05/23 08:31:48 [notice] 33#33: gracefully shutting down
2023/05/23 08:31:48 [notice] 35#35: gracefully shutting down
2023/05/23 08:31:48 [notice] 30#30: exiting
2023/05/23 08:31:48 [notice] 36#36: gracefully shutting down
2023/05/23 08:31:48 [notice] 32#32: exiting
2023/05/23 08:31:48 [notice] 33#33: exiting
2023/05/23 08:31:48 [notice] 35#35: exiting
2023/05/23 08:31:48 [notice] 36#36: exiting
2023/05/23 08:31:48 [notice] 29#29: exiting
2023/05/23 08:31:48 [notice] 34#34: gracefully shutting down
2023/05/23 08:31:48 [notice] 31#31: gracefully shutting down
2023/05/23 08:31:48 [notice] 34#34: exiting
2023/05/23 08:31:48 [notice] 30#30: exit
2023/05/23 08:31:48 [notice] 35#35: exit
2023/05/23 08:31:48 [notice] 31#31: exiting
2023/05/23 08:31:48 [notice] 33#33: exit
2023/05/23 08:31:48 [notice] 32#32: exit
2023/05/23 08:31:48 [notice] 36#36: exit
2023/05/23 08:31:48 [notice] 29#29: exit
2023/05/23 08:31:48 [notice] 34#34: exit
2023/05/23 08:31:48 [notice] 31#31: exit
2023/05/23 08:31:48 [notice] 1#1: signal 17 (SIGCHLD) received from 30
2023/05/23 08:31:48 [notice] 1#1: worker process 30 exited with code 0
2023/05/23 08:31:48 [notice] 1#1: signal 29 (SIGIO) received
2023/05/23 08:31:48 [notice] 1#1: signal 17 (SIGCHLD) received from 33
2023/05/23 08:31:48 [notice] 1#1: worker process 33 exited with code 0
2023/05/23 08:31:48 [notice] 1#1: signal 29 (SIGIO) received
2023/05/23 08:31:48 [notice] 1#1: signal 17 (SIGCHLD) received from 35
2023/05/23 08:31:48 [notice] 1#1: worker process 32 exited with code 0
2023/05/23 08:31:48 [notice] 1#1: worker process 35 exited with code 0
2023/05/23 08:31:48 [notice] 1#1: signal 29 (SIGIO) received
2023/05/23 08:31:48 [notice] 1#1: signal 17 (SIGCHLD) received from 32
2023/05/23 08:31:48 [notice] 1#1: signal 17 (SIGCHLD) received from 34
2023/05/23 08:31:48 [notice] 1#1: worker process 34 exited with code 0
2023/05/23 08:31:48 [notice] 1#1: signal 29 (SIGIO) received
2023/05/23 08:31:48 [notice] 1#1: signal 17 (SIGCHLD) received from 31
2023/05/23 08:31:48 [notice] 1#1: worker process 31 exited with code 0
2023/05/23 08:31:48 [notice] 1#1: worker process 36 exited with code 0
2023/05/23 08:31:48 [notice] 1#1: signal 29 (SIGIO) received
2023/05/23 08:31:48 [notice] 1#1: signal 17 (SIGCHLD) received from 36
2023/05/23 08:31:48 [notice] 1#1: signal 17 (SIGCHLD) received from 29
2023/05/23 08:31:48 [notice] 1#1: worker process 29 exited with code 0
2023/05/23 08:31:48 [notice] 1#1: exit
2023/05/23 08:35:32 [notice] 1#1: using the "epoll" event method
2023/05/23 08:35:32 [notice] 1#1: nginx/1.23.4
2023/05/23 08:35:32 [notice] 1#1: built by gcc 12.2.1 20220924 (Alpine 12.2.1_git20220924-r4) 
2023/05/23 08:35:32 [notice] 1#1: OS: Linux 6.3.2-arch1-1
2023/05/23 08:35:32 [notice] 1#1: getrlimit(RLIMIT_NOFILE): 1073741816:1073741816
2023/05/23 08:35:32 [notice] 1#1: start worker processes
2023/05/23 08:35:32 [notice] 1#1: start worker process 29
2023/05/23 08:35:32 [notice] 1#1: start worker process 30
2023/05/23 08:35:32 [notice] 1#1: start worker process 31
2023/05/23 08:35:32 [notice] 1#1: start worker process 32
2023/05/23 08:35:32 [notice] 1#1: start worker process 33
2023/05/23 08:35:32 [notice] 1#1: start worker process 34
2023/05/23 08:35:32 [notice] 1#1: start worker process 35
2023/05/23 08:35:32 [notice] 1#1: start worker process 36
2023/05/23 08:35:39 [notice] 1#1: signal 3 (SIGQUIT) received, shutting down
2023/05/23 08:35:39 [notice] 29#29: gracefully shutting down
2023/05/23 08:35:39 [notice] 30#30: gracefully shutting down
2023/05/23 08:35:39 [notice] 31#31: gracefully shutting down
2023/05/23 08:35:39 [notice] 32#32: gracefully shutting down
2023/05/23 08:35:39 [notice] 29#29: exiting
2023/05/23 08:35:39 [notice] 31#31: exiting
2023/05/23 08:35:39 [notice] 32#32: exiting
2023/05/23 08:35:39 [notice] 30#30: exiting
2023/05/23 08:35:39 [notice] 31#31: exit
2023/05/23 08:35:39 [notice] 29#29: exit
2023/05/23 08:35:39 [notice] 32#32: exit
2023/05/23 08:35:39 [notice] 30#30: exit
2023/05/23 08:35:39 [notice] 33#33: gracefully shutting down
2023/05/23 08:35:39 [notice] 33#33: exiting
2023/05/23 08:35:39 [notice] 33#33: exit
2023/05/23 08:35:39 [notice] 34#34: gracefully shutting down
2023/05/23 08:35:39 [notice] 34#34: exiting
2023/05/23 08:35:39 [notice] 35#35: gracefully shutting down
2023/05/23 08:35:39 [notice] 36#36: gracefully shutting down
2023/05/23 08:35:39 [notice] 35#35: exiting
2023/05/23 08:35:39 [notice] 36#36: exiting
2023/05/23 08:35:39 [notice] 34#34: exit
2023/05/23 08:35:39 [notice] 35#35: exit
2023/05/23 08:35:39 [notice] 36#36: exit
2023/05/23 08:35:39 [notice] 1#1: signal 17 (SIGCHLD) received from 31
2023/05/23 08:35:39 [notice] 1#1: worker process 30 exited with code 0
2023/05/23 08:35:39 [notice] 1#1: worker process 29 exited with code 0
2023/05/23 08:35:39 [notice] 1#1: worker process 31 exited with code 0
2023/05/23 08:35:39 [notice] 1#1: worker process 32 exited with code 0
2023/05/23 08:35:39 [notice] 1#1: worker process 34 exited with code 0
2023/05/23 08:35:39 [notice] 1#1: worker process 35 exited with code 0
2023/05/23 08:35:39 [notice] 1#1: signal 29 (SIGIO) received
2023/05/23 08:35:39 [notice] 1#1: signal 17 (SIGCHLD) received from 30
2023/05/23 08:35:39 [notice] 1#1: signal 17 (SIGCHLD) received from 36
2023/05/23 08:35:39 [notice] 1#1: worker process 36 exited with code 0
2023/05/23 08:35:39 [notice] 1#1: signal 29 (SIGIO) received
2023/05/23 08:35:39 [notice] 1#1: signal 17 (SIGCHLD) received from 33
2023/05/23 08:35:39 [notice] 1#1: worker process 33 exited with code 0
2023/05/23 08:35:39 [notice] 1#1: exit
2023/05/23 08:37:42 [notice] 1#1: using the "epoll" event method
2023/05/23 08:37:42 [notice] 1#1: nginx/1.23.4
2023/05/23 08:37:42 [notice] 1#1: built by gcc 12.2.1 20220924 (Alpine 12.2.1_git20220924-r4) 
2023/05/23 08:37:42 [notice] 1#1: OS: Linux 6.3.2-arch1-1
2023/05/23 08:37:42 [notice] 1#1: getrlimit(RLIMIT_NOFILE): 1073741816:1073741816
2023/05/23 08:37:42 [notice] 1#1: start worker processes
2023/05/23 08:37:42 [notice] 1#1: start worker process 29
2023/05/23 08:37:42 [notice] 1#1: start worker process 30
2023/05/23 08:37:42 [notice] 1#1: start worker process 31
2023/05/23 08:37:42 [notice] 1#1: start worker process 32
2023/05/23 08:37:42 [notice] 1#1: start worker process 33
2023/05/23 08:37:42 [notice] 1#1: start worker process 34
2023/05/23 08:37:42 [notice] 1#1: start worker process 35
2023/05/23 08:37:42 [notice] 1#1: start worker process 36
2023/05/23 08:37:50 [notice] 1#1: signal 3 (SIGQUIT) received, shutting down
2023/05/23 08:37:50 [notice] 30#30: gracefully shutting down
2023/05/23 08:37:50 [notice] 29#29: gracefully shutting down
2023/05/23 08:37:50 [notice] 31#31: gracefully shutting down
2023/05/23 08:37:50 [notice] 32#32: gracefully shutting down
2023/05/23 08:37:50 [notice] 34#34: gracefully shutting down
2023/05/23 08:37:50 [notice] 35#35: gracefully shutting down
2023/05/23 08:37:50 [notice] 29#29: exiting
2023/05/23 08:37:50 [notice] 31#31: exiting
2023/05/23 08:37:50 [notice] 34#34: exiting
2023/05/23 08:37:50 [notice] 32#32: exiting
2023/05/23 08:37:50 [notice] 35#35: exiting
2023/05/23 08:37:50 [notice] 30#30: exiting
2023/05/23 08:37:50 [notice] 32#32: exit
2023/05/23 08:37:50 [notice] 35#35: exit
2023/05/23 08:37:50 [notice] 31#31: exit
2023/05/23 08:37:50 [notice] 34#34: exit
2023/05/23 08:37:50 [notice] 29#29: exit
2023/05/23 08:37:50 [notice] 30#30: exit
2023/05/23 08:37:50 [notice] 33#33: gracefully shutting down
2023/05/23 08:37:50 [notice] 36#36: gracefully shutting down
2023/05/23 08:37:50 [notice] 33#33: exiting
2023/05/23 08:37:50 [notice] 36#36: exiting
2023/05/23 08:37:50 [notice] 33#33: exit
2023/05/23 08:37:50 [notice] 36#36: exit
2023/05/23 08:37:50 [notice] 1#1: signal 17 (SIGCHLD) received from 30
2023/05/23 08:37:50 [notice] 1#1: worker process 30 exited with code 0
2023/05/23 08:37:50 [notice] 1#1: worker process 31 exited with code 0
2023/05/23 08:37:50 [notice] 1#1: signal 29 (SIGIO) received
2023/05/23 08:37:50 [notice] 1#1: signal 17 (SIGCHLD) received from 31
2023/05/23 08:37:50 [notice] 1#1: signal 17 (SIGCHLD) received from 34
2023/05/23 08:37:50 [notice] 1#1: worker process 32 exited with code 0
2023/05/23 08:37:50 [notice] 1#1: worker process 34 exited with code 0
2023/05/23 08:37:50 [notice] 1#1: signal 29 (SIGIO) received
2023/05/23 08:37:50 [notice] 1#1: signal 17 (SIGCHLD) received from 29
2023/05/23 08:37:50 [notice] 1#1: worker process 29 exited with code 0
2023/05/23 08:37:50 [notice] 1#1: worker process 33 exited with code 0
2023/05/23 08:37:50 [notice] 1#1: worker process 36 exited with code 0
2023/05/23 08:37:50 [notice] 1#1: signal 29 (SIGIO) received
2023/05/23 08:37:50 [notice] 1#1: signal 17 (SIGCHLD) received from 33
2023/05/23 08:37:50 [notice] 1#1: worker process 35 exited with code 0
2023/05/23 08:37:50 [notice] 1#1: exit
2023/05/23 08:39:27 [notice] 1#1: using the "epoll" event method
2023/05/23 08:39:27 [notice] 1#1: nginx/1.23.4
2023/05/23 08:39:27 [notice] 1#1: built by gcc 12.2.1 20220924 (Alpine 12.2.1_git20220924-r4) 
2023/05/23 08:39:27 [notice] 1#1: OS: Linux 6.3.2-arch1-1
2023/05/23 08:39:27 [notice] 1#1: getrlimit(RLIMIT_NOFILE): 1073741816:1073741816
2023/05/23 08:39:27 [notice] 1#1: start worker processes
2023/05/23 08:39:27 [notice] 1#1: start worker process 28
2023/05/23 08:39:27 [notice] 1#1: start worker process 29
2023/05/23 08:39:27 [notice] 1#1: start worker process 30
2023/05/23 08:39:27 [notice] 1#1: start worker process 31
2023/05/23 08:39:27 [notice] 1#1: start worker process 32
2023/05/23 08:39:27 [notice] 1#1: start worker process 33
2023/05/23 08:39:27 [notice] 1#1: start worker process 34
2023/05/23 08:39:27 [notice] 1#1: start worker process 35
2023/05/23 08:39:38 [notice] 1#1: signal 3 (SIGQUIT) received, shutting down
2023/05/23 08:39:38 [notice] 28#28: gracefully shutting down
2023/05/23 08:39:38 [notice] 29#29: gracefully shutting down
2023/05/23 08:39:38 [notice] 31#31: gracefully shutting down
2023/05/23 08:39:38 [notice] 30#30: gracefully shutting down
2023/05/23 08:39:38 [notice] 32#32: gracefully shutting down
2023/05/23 08:39:38 [notice] 34#34: gracefully shutting down
2023/05/23 08:39:38 [notice] 33#33: gracefully shutting down
2023/05/23 08:39:38 [notice] 29#29: exiting
2023/05/23 08:39:38 [notice] 31#31: exiting
2023/05/23 08:39:38 [notice] 30#30: exiting
2023/05/23 08:39:38 [notice] 32#32: exiting
2023/05/23 08:39:38 [notice] 33#33: exiting
2023/05/23 08:39:38 [notice] 34#34: exiting
2023/05/23 08:39:38 [notice] 28#28: exiting
2023/05/23 08:39:38 [notice] 32#32: exit
2023/05/23 08:39:38 [notice] 30#30: exit
2023/05/23 08:39:38 [notice] 29#29: exit
2023/05/23 08:39:38 [notice] 34#34: exit
2023/05/23 08:39:38 [notice] 31#31: exit
2023/05/23 08:39:38 [notice] 33#33: exit
2023/05/23 08:39:38 [notice] 28#28: exit
2023/05/23 08:39:38 [notice] 35#35: gracefully shutting down
2023/05/23 08:39:38 [notice] 35#35: exiting
2023/05/23 08:39:38 [notice] 35#35: exit
2023/05/23 08:39:38 [notice] 1#1: signal 17 (SIGCHLD) received from 29
2023/05/23 08:39:38 [notice] 1#1: worker process 29 exited with code 0
2023/05/23 08:39:38 [notice] 1#1: signal 29 (SIGIO) received
2023/05/23 08:39:38 [notice] 1#1: signal 17 (SIGCHLD) received from 31
2023/05/23 08:39:38 [notice] 1#1: worker process 30 exited with code 0
2023/05/23 08:39:38 [notice] 1#1: worker process 31 exited with code 0
2023/05/23 08:39:38 [notice] 1#1: worker process 33 exited with code 0
2023/05/23 08:39:38 [notice] 1#1: worker process 35 exited with code 0
2023/05/23 08:39:38 [notice] 1#1: signal 29 (SIGIO) received
2023/05/23 08:39:38 [notice] 1#1: signal 17 (SIGCHLD) received from 33
2023/05/23 08:39:38 [notice] 1#1: signal 17 (SIGCHLD) received from 28
2023/05/23 08:39:38 [notice] 1#1: worker process 28 exited with code 0
2023/05/23 08:39:38 [notice] 1#1: signal 29 (SIGIO) received
2023/05/23 08:39:38 [notice] 1#1: signal 17 (SIGCHLD) received from 34
2023/05/23 08:39:38 [notice] 1#1: worker process 34 exited with code 0
2023/05/23 08:39:38 [notice] 1#1: signal 29 (SIGIO) received
2023/05/23 08:39:38 [notice] 1#1: signal 17 (SIGCHLD) received from 32
2023/05/23 08:39:38 [notice] 1#1: worker process 32 exited with code 0
2023/05/23 08:39:38 [notice] 1#1: exit
